<?xml version="1.0" encoding="UTF-8"?>
<!-- Generated by org.testng.reporters.JUnitReportReporter -->
<testsuite hostname="Poshithvardhan" failures="0" tests="2" name="testngex.Test1" time="0.012" errors="0" timestamp="2023-10-10T20:49:44 IST" skipped="0">
  <testcase classname="testngex.Test1" name="test1" time="0.010">
    <system-out>
      <![CDATA[in test1]]>
    </system-out>
  </testcase> <!-- test1 -->
  <testcase classname="testngex.Test1" name="test" time="0.002">
    <system-out>
      <![CDATA[in test]]>
    </system-out>
  </testcase> <!-- test -->
  <system-out>
    <![CDATA[BeforeSuite
Before class
Before method
in test1
after method
Before method
in test
after method
after class
after test
after suite]]>
  </system-out>
</testsuite> <!-- testngex.Test1 -->
