<?xml version="1.0" encoding="UTF-8"?>
<!-- Generated by org.testng.reporters.JUnitReportReporter -->
<testsuite hostname="Poshithvardhan" failures="0" tests="1" name="testscripts.WindowPopupModelTest" time="17.322" errors="0" timestamp="2023-10-12T21:31:08 IST" skipped="0">
  <testcase classname="testscripts.WindowPopupModelTest" name="handleWindowTest" time="17.322">
    <system-out>
      <![CDATA[Click on windowPopupModel_link
Click on likeUsOnFacebook_link
Switch to window
Provide value to email_editbox as abc@gmail.com
Switch to window
Click on followOnTwitter_link]]>
    </system-out>
  </testcase> <!-- handleWindowTest -->
  <system-out>
    <![CDATA[Launching the chrome browser
Navigating to url:https://www.lambdatest.com/selenium-playground/
Click on windowPopupModel_link
Click on likeUsOnFacebook_link
Switch to window
Provide value to email_editbox as abc@gmail.com
Switch to window
Click on followOnTwitter_link
Launching the chrome browser
Navigating to url:https://www.lambdatest.com/selenium-playground/
Click on Simple form demo link
Provide value to enterMessage_editbox as Message
Click on getCheckedValue_button
The available text is as expected--->PASS]]>
  </system-out>
</testsuite> <!-- testscripts.WindowPopupModelTest -->
